<?xml version="1.0" encoding="UTF-8"?>
<!-- Generated by org.testng.reporters.JUnitXMLReporter -->
<testsuite ignored="0" hostname="DESKTOP-PEG8FIS" failures="1" tests="1" name="testng.xml" time="0.065" errors="0" timestamp="2021-03-15T12:14:14 IST">
  <testcase classname="Day_025_ExcelUtil_Apache_POI.TC01_Excel_Test_xlspractice" name="hello1" time="0.0">
    <failure type="org.testng.TestNGException" message="
Cannot inject @Test annotated Method [hello1] with [class java.lang.String, class java.lang.String, class java.lang.String].
For more information on native dependency injection please refer to https://testng.org/doc/documentation-main.html#native-dependency-injection">
      <![CDATA[org.testng.TestNGException: 
Cannot inject @Test annotated Method [hello1] with [class java.lang.String, class java.lang.String, class java.lang.String].
For more information on native dependency injection please refer to https://testng.org/doc/documentation-main.html#native-dependency-injection
at java.base/java.util.ArrayList.forEach(ArrayList.java:1540)
... Removed 26 stack frames]]>
    </failure>
  </testcase> <!-- hello1 -->
</testsuite> <!-- testng.xml -->
