<?xml version="1.0" encoding="UTF-8"?>
<!-- Generated by org.testng.reporters.JUnitXMLReporter -->
<testsuite hostname="DESKTOP-JDGVO00" ignored="0" name="Test" tests="2" failures="1" timestamp="2021-03-03T11:03:48 IST" time="8.338" errors="0">
  <testcase name="Test1" time="8.297" classname="Day_034_TestNG_Listeners.TestCases"/>
  <testcase name="Test2" time="0.005" classname="Day_034_TestNG_Listeners.TestCases">
    <failure type="java.lang.AssertionError" message="expected [true] but found [false]">
      <![CDATA[java.lang.AssertionError: expected [true] but found [false]
at Day_034_TestNG_Listeners.TestCases.Test2(TestCases.java:38)
at java.util.ArrayList.forEach(ArrayList.java:1259)
... Removed 31 stack frames]]>
    </failure>
  </testcase> <!-- Test2 -->
</testsuite> <!-- Test -->
